mode: set
github.com/Ulbora/cocka2notesServices/handlers/userHandler.go:33.69,37.10 4 1
github.com/Ulbora/cocka2notesServices/handlers/userHandler.go:37.10,40.12 3 1
github.com/Ulbora/cocka2notesServices/handlers/userHandler.go:40.12,42.4 1 1
github.com/Ulbora/cocka2notesServices/handlers/userHandler.go:42.9,48.28 6 1
github.com/Ulbora/cocka2notesServices/handlers/userHandler.go:48.28,50.5 1 1
github.com/Ulbora/cocka2notesServices/handlers/userHandler.go:50.10,53.21 3 1
github.com/Ulbora/cocka2notesServices/handlers/userHandler.go:58.5,59.35 2 1
github.com/Ulbora/cocka2notesServices/handlers/userHandler.go:53.21,55.6 1 1
github.com/Ulbora/cocka2notesServices/handlers/userHandler.go:55.11,57.6 1 1
github.com/Ulbora/cocka2notesServices/handlers/userHandler.go:62.8,67.3 4 1
github.com/Ulbora/cocka2notesServices/handlers/userHandler.go:71.72,75.10 4 1
github.com/Ulbora/cocka2notesServices/handlers/userHandler.go:75.10,78.12 3 1
github.com/Ulbora/cocka2notesServices/handlers/userHandler.go:78.12,80.4 1 1
github.com/Ulbora/cocka2notesServices/handlers/userHandler.go:80.9,86.28 6 1
github.com/Ulbora/cocka2notesServices/handlers/userHandler.go:86.28,88.5 1 1
github.com/Ulbora/cocka2notesServices/handlers/userHandler.go:88.10,91.21 3 1
github.com/Ulbora/cocka2notesServices/handlers/userHandler.go:96.5,97.35 2 1
github.com/Ulbora/cocka2notesServices/handlers/userHandler.go:91.21,93.6 1 1
github.com/Ulbora/cocka2notesServices/handlers/userHandler.go:93.11,95.6 1 1
github.com/Ulbora/cocka2notesServices/handlers/userHandler.go:100.8,105.3 4 1
github.com/Ulbora/cocka2notesServices/handlers/c2handler.go:40.38,42.2 1 1
github.com/Ulbora/cocka2notesServices/handlers/c2handler.go:45.56,48.33 3 1
github.com/Ulbora/cocka2notesServices/handlers/c2handler.go:52.2,52.12 1 1
github.com/Ulbora/cocka2notesServices/handlers/c2handler.go:48.33,51.3 1 1
github.com/Ulbora/cocka2notesServices/handlers/c2handler.go:56.59,58.2 1 1
github.com/Ulbora/cocka2notesServices/handlers/c2handler.go:61.81,66.19 4 1
github.com/Ulbora/cocka2notesServices/handlers/c2handler.go:80.2,80.17 1 1
github.com/Ulbora/cocka2notesServices/handlers/c2handler.go:66.19,71.17 3 1
github.com/Ulbora/cocka2notesServices/handlers/c2handler.go:71.17,74.4 1 1
github.com/Ulbora/cocka2notesServices/handlers/c2handler.go:74.9,76.4 1 1
github.com/Ulbora/cocka2notesServices/handlers/c2handler.go:77.8,79.3 1 1
github.com/Ulbora/cocka2notesServices/handlers/c2handler.go:83.65,88.24 5 1
github.com/Ulbora/cocka2notesServices/handlers/c2handler.go:91.2,91.12 1 1
github.com/Ulbora/cocka2notesServices/handlers/c2handler.go:88.24,90.3 1 1
github.com/Ulbora/cocka2notesServices/handlers/checkboxItemHandler.go:36.77,40.10 4 1
github.com/Ulbora/cocka2notesServices/handlers/checkboxItemHandler.go:40.10,43.12 3 1
github.com/Ulbora/cocka2notesServices/handlers/checkboxItemHandler.go:43.12,45.4 1 1
github.com/Ulbora/cocka2notesServices/handlers/checkboxItemHandler.go:45.9,51.26 6 1
github.com/Ulbora/cocka2notesServices/handlers/checkboxItemHandler.go:51.26,53.5 1 1
github.com/Ulbora/cocka2notesServices/handlers/checkboxItemHandler.go:53.10,56.35 3 1
github.com/Ulbora/cocka2notesServices/handlers/checkboxItemHandler.go:61.5,62.35 2 1
github.com/Ulbora/cocka2notesServices/handlers/checkboxItemHandler.go:56.35,58.6 1 1
github.com/Ulbora/cocka2notesServices/handlers/checkboxItemHandler.go:58.11,60.6 1 1
github.com/Ulbora/cocka2notesServices/handlers/checkboxItemHandler.go:65.8,70.3 4 1
github.com/Ulbora/cocka2notesServices/handlers/checkboxItemHandler.go:74.80,78.10 4 1
github.com/Ulbora/cocka2notesServices/handlers/checkboxItemHandler.go:78.10,81.12 3 1
github.com/Ulbora/cocka2notesServices/handlers/checkboxItemHandler.go:81.12,83.4 1 1
github.com/Ulbora/cocka2notesServices/handlers/checkboxItemHandler.go:83.9,89.26 6 1
github.com/Ulbora/cocka2notesServices/handlers/checkboxItemHandler.go:89.26,91.5 1 1
github.com/Ulbora/cocka2notesServices/handlers/checkboxItemHandler.go:91.10,94.20 3 1
github.com/Ulbora/cocka2notesServices/handlers/checkboxItemHandler.go:99.5,100.35 2 1
github.com/Ulbora/cocka2notesServices/handlers/checkboxItemHandler.go:94.20,96.6 1 1
github.com/Ulbora/cocka2notesServices/handlers/checkboxItemHandler.go:96.11,98.6 1 1
github.com/Ulbora/cocka2notesServices/handlers/checkboxItemHandler.go:103.8,108.3 4 1
github.com/Ulbora/cocka2notesServices/handlers/checkboxItemHandler.go:112.80,116.10 4 1
github.com/Ulbora/cocka2notesServices/handlers/checkboxItemHandler.go:116.10,119.36 3 1
github.com/Ulbora/cocka2notesServices/handlers/checkboxItemHandler.go:119.36,124.20 5 1
github.com/Ulbora/cocka2notesServices/handlers/checkboxItemHandler.go:137.4,138.34 2 1
github.com/Ulbora/cocka2notesServices/handlers/checkboxItemHandler.go:124.20,127.20 3 1
github.com/Ulbora/cocka2notesServices/handlers/checkboxItemHandler.go:127.20,129.6 1 1
github.com/Ulbora/cocka2notesServices/handlers/checkboxItemHandler.go:129.11,131.6 1 1
github.com/Ulbora/cocka2notesServices/handlers/checkboxItemHandler.go:132.10,136.5 3 1
github.com/Ulbora/cocka2notesServices/handlers/checkboxItemHandler.go:139.9,141.4 1 1
github.com/Ulbora/cocka2notesServices/handlers/checkboxItemHandler.go:142.8,144.3 1 1
github.com/Ulbora/cocka2notesServices/handlers/noteHandler.go:35.69,39.10 4 1
github.com/Ulbora/cocka2notesServices/handlers/noteHandler.go:39.10,42.12 3 1
github.com/Ulbora/cocka2notesServices/handlers/noteHandler.go:42.12,44.4 1 1
github.com/Ulbora/cocka2notesServices/handlers/noteHandler.go:44.9,50.28 6 1
github.com/Ulbora/cocka2notesServices/handlers/noteHandler.go:50.28,52.5 1 1
github.com/Ulbora/cocka2notesServices/handlers/noteHandler.go:52.10,55.37 3 1
github.com/Ulbora/cocka2notesServices/handlers/noteHandler.go:60.5,61.35 2 1
github.com/Ulbora/cocka2notesServices/handlers/noteHandler.go:55.37,57.6 1 1
github.com/Ulbora/cocka2notesServices/handlers/noteHandler.go:57.11,59.6 1 1
github.com/Ulbora/cocka2notesServices/handlers/noteHandler.go:64.8,69.3 4 1
github.com/Ulbora/cocka2notesServices/handlers/noteHandler.go:73.72,77.10 4 1
github.com/Ulbora/cocka2notesServices/handlers/noteHandler.go:77.10,80.12 3 1
github.com/Ulbora/cocka2notesServices/handlers/noteHandler.go:80.12,82.4 1 1
github.com/Ulbora/cocka2notesServices/handlers/noteHandler.go:82.9,88.28 6 1
github.com/Ulbora/cocka2notesServices/handlers/noteHandler.go:88.28,90.5 1 1
github.com/Ulbora/cocka2notesServices/handlers/noteHandler.go:90.10,93.21 3 1
github.com/Ulbora/cocka2notesServices/handlers/noteHandler.go:98.5,99.35 2 1
github.com/Ulbora/cocka2notesServices/handlers/noteHandler.go:93.21,95.6 1 1
github.com/Ulbora/cocka2notesServices/handlers/noteHandler.go:95.11,97.6 1 1
github.com/Ulbora/cocka2notesServices/handlers/noteHandler.go:102.8,107.3 4 1
github.com/Ulbora/cocka2notesServices/handlers/noteHandler.go:111.69,115.10 4 1
github.com/Ulbora/cocka2notesServices/handlers/noteHandler.go:115.10,118.36 3 1
github.com/Ulbora/cocka2notesServices/handlers/noteHandler.go:118.36,123.20 5 1
github.com/Ulbora/cocka2notesServices/handlers/noteHandler.go:134.4,135.34 2 1
github.com/Ulbora/cocka2notesServices/handlers/noteHandler.go:123.20,129.5 2 1
github.com/Ulbora/cocka2notesServices/handlers/noteHandler.go:129.10,133.5 3 1
github.com/Ulbora/cocka2notesServices/handlers/noteHandler.go:136.9,138.4 1 1
github.com/Ulbora/cocka2notesServices/handlers/noteHandler.go:139.8,141.3 1 1
github.com/Ulbora/cocka2notesServices/handlers/noteHandler.go:145.75,149.10 4 1
github.com/Ulbora/cocka2notesServices/handlers/noteHandler.go:149.10,152.36 3 1
github.com/Ulbora/cocka2notesServices/handlers/noteHandler.go:152.36,161.4 8 1
github.com/Ulbora/cocka2notesServices/handlers/noteHandler.go:161.9,163.4 1 1
github.com/Ulbora/cocka2notesServices/handlers/noteHandler.go:164.8,166.3 1 1
github.com/Ulbora/cocka2notesServices/handlers/noteHandler.go:170.72,174.10 4 1
github.com/Ulbora/cocka2notesServices/handlers/noteHandler.go:174.10,177.36 3 1
github.com/Ulbora/cocka2notesServices/handlers/noteHandler.go:177.36,183.20 6 1
github.com/Ulbora/cocka2notesServices/handlers/noteHandler.go:196.4,197.34 2 1
github.com/Ulbora/cocka2notesServices/handlers/noteHandler.go:183.20,186.20 3 1
github.com/Ulbora/cocka2notesServices/handlers/noteHandler.go:186.20,188.6 1 1
github.com/Ulbora/cocka2notesServices/handlers/noteHandler.go:188.11,190.6 1 1
github.com/Ulbora/cocka2notesServices/handlers/noteHandler.go:191.10,195.5 3 1
github.com/Ulbora/cocka2notesServices/handlers/noteHandler.go:198.9,200.4 1 1
github.com/Ulbora/cocka2notesServices/handlers/noteHandler.go:201.8,203.3 1 1
github.com/Ulbora/cocka2notesServices/handlers/noteItemHandler.go:36.73,40.10 4 1
github.com/Ulbora/cocka2notesServices/handlers/noteItemHandler.go:40.10,43.12 3 1
github.com/Ulbora/cocka2notesServices/handlers/noteItemHandler.go:43.12,45.4 1 1
github.com/Ulbora/cocka2notesServices/handlers/noteItemHandler.go:45.9,51.26 6 1
github.com/Ulbora/cocka2notesServices/handlers/noteItemHandler.go:51.26,53.5 1 1
github.com/Ulbora/cocka2notesServices/handlers/noteItemHandler.go:53.10,56.35 3 1
github.com/Ulbora/cocka2notesServices/handlers/noteItemHandler.go:61.5,62.35 2 1
github.com/Ulbora/cocka2notesServices/handlers/noteItemHandler.go:56.35,58.6 1 1
github.com/Ulbora/cocka2notesServices/handlers/noteItemHandler.go:58.11,60.6 1 1
github.com/Ulbora/cocka2notesServices/handlers/noteItemHandler.go:65.8,70.3 4 1
github.com/Ulbora/cocka2notesServices/handlers/noteItemHandler.go:74.76,78.10 4 1
github.com/Ulbora/cocka2notesServices/handlers/noteItemHandler.go:78.10,81.12 3 1
github.com/Ulbora/cocka2notesServices/handlers/noteItemHandler.go:81.12,83.4 1 1
github.com/Ulbora/cocka2notesServices/handlers/noteItemHandler.go:83.9,89.26 6 1
github.com/Ulbora/cocka2notesServices/handlers/noteItemHandler.go:89.26,91.5 1 1
github.com/Ulbora/cocka2notesServices/handlers/noteItemHandler.go:91.10,94.20 3 1
github.com/Ulbora/cocka2notesServices/handlers/noteItemHandler.go:99.5,100.35 2 1
github.com/Ulbora/cocka2notesServices/handlers/noteItemHandler.go:94.20,96.6 1 1
github.com/Ulbora/cocka2notesServices/handlers/noteItemHandler.go:96.11,98.6 1 1
github.com/Ulbora/cocka2notesServices/handlers/noteItemHandler.go:103.8,108.3 4 1
github.com/Ulbora/cocka2notesServices/handlers/noteItemHandler.go:112.76,116.10 4 1
github.com/Ulbora/cocka2notesServices/handlers/noteItemHandler.go:116.10,119.36 3 1
github.com/Ulbora/cocka2notesServices/handlers/noteItemHandler.go:119.36,124.20 5 1
github.com/Ulbora/cocka2notesServices/handlers/noteItemHandler.go:137.4,138.34 2 1
github.com/Ulbora/cocka2notesServices/handlers/noteItemHandler.go:124.20,127.20 3 1
github.com/Ulbora/cocka2notesServices/handlers/noteItemHandler.go:127.20,129.6 1 1
github.com/Ulbora/cocka2notesServices/handlers/noteItemHandler.go:129.11,131.6 1 1
github.com/Ulbora/cocka2notesServices/handlers/noteItemHandler.go:132.10,136.5 3 1
github.com/Ulbora/cocka2notesServices/handlers/noteItemHandler.go:139.9,141.4 1 1
github.com/Ulbora/cocka2notesServices/handlers/noteItemHandler.go:142.8,144.3 1 1
github.com/Ulbora/cocka2notesServices/handlers/noteUserHandler.go:33.75,37.10 4 1
github.com/Ulbora/cocka2notesServices/handlers/noteUserHandler.go:37.10,40.12 3 1
github.com/Ulbora/cocka2notesServices/handlers/noteUserHandler.go:40.12,42.4 1 1
github.com/Ulbora/cocka2notesServices/handlers/noteUserHandler.go:42.9,48.28 6 1
github.com/Ulbora/cocka2notesServices/handlers/noteUserHandler.go:48.28,50.5 1 1
github.com/Ulbora/cocka2notesServices/handlers/noteUserHandler.go:50.10,53.21 3 1
github.com/Ulbora/cocka2notesServices/handlers/noteUserHandler.go:58.5,59.35 2 1
github.com/Ulbora/cocka2notesServices/handlers/noteUserHandler.go:53.21,55.6 1 1
github.com/Ulbora/cocka2notesServices/handlers/noteUserHandler.go:55.11,57.6 1 1
github.com/Ulbora/cocka2notesServices/handlers/noteUserHandler.go:62.8,67.3 4 1
