mode: set
github.com/Ulbora/cocka2notesServices/cocka2db/noteItems.go:27.56,28.25 1 1
github.com/Ulbora/cocka2notesServices/cocka2db/noteItems.go:31.2,36.16 6 1
github.com/Ulbora/cocka2notesServices/cocka2db/noteItems.go:28.25,30.3 1 1
github.com/Ulbora/cocka2notesServices/cocka2db/noteItems.go:40.50,41.25 1 1
github.com/Ulbora/cocka2notesServices/cocka2db/noteItems.go:44.2,47.12 4 1
github.com/Ulbora/cocka2notesServices/cocka2db/noteItems.go:41.25,43.3 1 1
github.com/Ulbora/cocka2notesServices/cocka2db/noteItems.go:51.58,52.25 1 1
github.com/Ulbora/cocka2notesServices/cocka2db/noteItems.go:55.2,59.40 5 1
github.com/Ulbora/cocka2notesServices/cocka2db/noteItems.go:67.2,67.13 1 1
github.com/Ulbora/cocka2notesServices/cocka2db/noteItems.go:52.25,54.3 1 1
github.com/Ulbora/cocka2notesServices/cocka2db/noteItems.go:59.40,61.28 2 1
github.com/Ulbora/cocka2notesServices/cocka2db/noteItems.go:61.28,65.4 3 1
github.com/Ulbora/cocka2notesServices/cocka2db/noteItems.go:71.46,72.25 1 1
github.com/Ulbora/cocka2notesServices/cocka2db/noteItems.go:75.2,77.42 3 1
github.com/Ulbora/cocka2notesServices/cocka2db/noteItems.go:72.25,74.3 1 1
github.com/Ulbora/cocka2notesServices/cocka2db/noteItems.go:80.63,83.24 3 1
github.com/Ulbora/cocka2notesServices/cocka2db/noteItems.go:96.2,96.13 1 1
github.com/Ulbora/cocka2notesServices/cocka2db/noteItems.go:83.24,86.17 3 1
github.com/Ulbora/cocka2notesServices/cocka2db/noteItems.go:86.17,89.18 3 1
github.com/Ulbora/cocka2notesServices/cocka2db/noteItems.go:89.18,93.5 3 1
github.com/Ulbora/cocka2notesServices/cocka2db/noteUser.go:23.48,24.25 1 1
github.com/Ulbora/cocka2notesServices/cocka2db/noteUser.go:27.2,32.12 6 1
github.com/Ulbora/cocka2notesServices/cocka2db/noteUser.go:24.25,26.3 1 1
github.com/Ulbora/cocka2notesServices/cocka2db/noteUser.go:36.51,37.25 1 1
github.com/Ulbora/cocka2notesServices/cocka2db/noteUser.go:40.2,42.42 3 1
github.com/Ulbora/cocka2notesServices/cocka2db/noteUser.go:37.25,39.3 1 1
github.com/Ulbora/cocka2notesServices/cocka2db/users.go:27.38,28.25 1 1
github.com/Ulbora/cocka2notesServices/cocka2db/users.go:31.2,36.12 6 1
github.com/Ulbora/cocka2notesServices/cocka2db/users.go:28.25,30.3 1 1
github.com/Ulbora/cocka2notesServices/cocka2db/users.go:40.41,41.25 1 1
github.com/Ulbora/cocka2notesServices/cocka2db/users.go:44.2,47.12 4 1
github.com/Ulbora/cocka2notesServices/cocka2db/users.go:41.25,43.3 1 1
github.com/Ulbora/cocka2notesServices/cocka2db/users.go:51.44,52.25 1 1
github.com/Ulbora/cocka2notesServices/cocka2db/users.go:55.2,60.22 6 1
github.com/Ulbora/cocka2notesServices/cocka2db/users.go:68.2,68.13 1 1
github.com/Ulbora/cocka2notesServices/cocka2db/users.go:52.25,54.3 1 1
github.com/Ulbora/cocka2notesServices/cocka2db/users.go:60.22,62.17 2 1
github.com/Ulbora/cocka2notesServices/cocka2db/users.go:62.17,66.4 3 1
github.com/Ulbora/cocka2notesServices/cocka2db/users.go:72.46,73.25 1 1
github.com/Ulbora/cocka2notesServices/cocka2db/users.go:76.2,78.38 3 1
github.com/Ulbora/cocka2notesServices/cocka2db/users.go:73.25,75.3 1 1
github.com/Ulbora/cocka2notesServices/cocka2db/checkboxItems.go:27.68,28.25 1 1
github.com/Ulbora/cocka2notesServices/cocka2db/checkboxItems.go:31.2,36.16 6 1
github.com/Ulbora/cocka2notesServices/cocka2db/checkboxItems.go:28.25,30.3 1 1
github.com/Ulbora/cocka2notesServices/cocka2db/checkboxItems.go:40.62,41.25 1 1
github.com/Ulbora/cocka2notesServices/cocka2db/checkboxItems.go:44.2,47.12 4 1
github.com/Ulbora/cocka2notesServices/cocka2db/checkboxItems.go:41.25,43.3 1 1
github.com/Ulbora/cocka2notesServices/cocka2db/checkboxItems.go:51.70,52.25 1 1
github.com/Ulbora/cocka2notesServices/cocka2db/checkboxItems.go:55.2,59.40 5 1
github.com/Ulbora/cocka2notesServices/cocka2db/checkboxItems.go:67.2,67.13 1 1
github.com/Ulbora/cocka2notesServices/cocka2db/checkboxItems.go:52.25,54.3 1 1
github.com/Ulbora/cocka2notesServices/cocka2db/checkboxItems.go:59.40,61.28 2 1
github.com/Ulbora/cocka2notesServices/cocka2db/checkboxItems.go:61.28,65.4 3 1
github.com/Ulbora/cocka2notesServices/cocka2db/checkboxItems.go:71.50,72.25 1 1
github.com/Ulbora/cocka2notesServices/cocka2db/checkboxItems.go:75.2,77.50 3 1
github.com/Ulbora/cocka2notesServices/cocka2db/checkboxItems.go:72.25,74.3 1 1
github.com/Ulbora/cocka2notesServices/cocka2db/checkboxItems.go:80.75,83.24 3 1
github.com/Ulbora/cocka2notesServices/cocka2db/checkboxItems.go:100.2,100.13 1 1
github.com/Ulbora/cocka2notesServices/cocka2db/checkboxItems.go:83.24,86.17 3 1
github.com/Ulbora/cocka2notesServices/cocka2db/checkboxItems.go:86.17,89.18 3 1
github.com/Ulbora/cocka2notesServices/cocka2db/checkboxItems.go:89.18,91.19 2 1
github.com/Ulbora/cocka2notesServices/cocka2db/checkboxItems.go:91.19,96.6 4 1
github.com/Ulbora/cocka2notesServices/cocka2db/db.go:69.33,71.2 1 1
github.com/Ulbora/cocka2notesServices/cocka2db/db.go:73.38,81.26 8 1
github.com/Ulbora/cocka2notesServices/cocka2db/db.go:93.2,93.12 1 1
github.com/Ulbora/cocka2notesServices/cocka2db/db.go:81.26,86.17 3 1
github.com/Ulbora/cocka2notesServices/cocka2db/db.go:89.3,89.20 1 1
github.com/Ulbora/cocka2notesServices/cocka2db/db.go:86.17,88.4 1 1
github.com/Ulbora/cocka2notesServices/cocka2db/db.go:89.20,91.4 1 1
github.com/Ulbora/cocka2notesServices/cocka2db/mockDb.go:61.37,63.2 1 1
github.com/Ulbora/cocka2notesServices/cocka2db/mockDb.go:66.42,68.2 1 1
github.com/Ulbora/cocka2notesServices/cocka2db/mockDb.go:71.45,73.2 1 1
github.com/Ulbora/cocka2notesServices/cocka2db/mockDb.go:76.48,78.2 1 1
github.com/Ulbora/cocka2notesServices/cocka2db/mockDb.go:81.50,83.2 1 1
github.com/Ulbora/cocka2notesServices/cocka2db/mockDb.go:86.51,88.2 1 1
github.com/Ulbora/cocka2notesServices/cocka2db/mockDb.go:91.45,93.2 1 1
github.com/Ulbora/cocka2notesServices/cocka2db/mockDb.go:96.44,98.2 1 1
github.com/Ulbora/cocka2notesServices/cocka2db/mockDb.go:101.56,103.2 1 1
github.com/Ulbora/cocka2notesServices/cocka2db/mockDb.go:106.46,108.2 1 1
github.com/Ulbora/cocka2notesServices/cocka2db/mockDb.go:111.60,113.2 1 1
github.com/Ulbora/cocka2notesServices/cocka2db/mockDb.go:116.54,118.2 1 1
github.com/Ulbora/cocka2notesServices/cocka2db/mockDb.go:121.62,123.2 1 1
github.com/Ulbora/cocka2notesServices/cocka2db/mockDb.go:126.50,128.2 1 1
github.com/Ulbora/cocka2notesServices/cocka2db/mockDb.go:131.72,133.2 1 1
github.com/Ulbora/cocka2notesServices/cocka2db/mockDb.go:136.66,138.2 1 1
github.com/Ulbora/cocka2notesServices/cocka2db/mockDb.go:141.74,143.2 1 1
github.com/Ulbora/cocka2notesServices/cocka2db/mockDb.go:146.54,148.2 1 1
github.com/Ulbora/cocka2notesServices/cocka2db/mockDb.go:151.52,153.2 1 1
github.com/Ulbora/cocka2notesServices/cocka2db/mockDb.go:156.55,158.2 1 1
github.com/Ulbora/cocka2notesServices/cocka2db/notes.go:28.47,29.25 1 1
github.com/Ulbora/cocka2notesServices/cocka2db/notes.go:32.2,37.16 6 1
github.com/Ulbora/cocka2notesServices/cocka2db/notes.go:29.25,31.3 1 1
github.com/Ulbora/cocka2notesServices/cocka2db/notes.go:41.41,42.25 1 1
github.com/Ulbora/cocka2notesServices/cocka2db/notes.go:45.2,48.12 4 1
github.com/Ulbora/cocka2notesServices/cocka2db/notes.go:42.25,44.3 1 1
github.com/Ulbora/cocka2notesServices/cocka2db/notes.go:52.40,53.25 1 1
github.com/Ulbora/cocka2notesServices/cocka2db/notes.go:56.2,60.12 5 1
github.com/Ulbora/cocka2notesServices/cocka2db/notes.go:53.25,55.3 1 1
github.com/Ulbora/cocka2notesServices/cocka2db/notes.go:64.52,65.25 1 1
github.com/Ulbora/cocka2notesServices/cocka2db/notes.go:68.2,72.40 5 1
github.com/Ulbora/cocka2notesServices/cocka2db/notes.go:80.2,80.13 1 1
github.com/Ulbora/cocka2notesServices/cocka2db/notes.go:65.25,67.3 1 1
github.com/Ulbora/cocka2notesServices/cocka2db/notes.go:72.40,74.28 2 1
github.com/Ulbora/cocka2notesServices/cocka2db/notes.go:74.28,78.4 3 1
github.com/Ulbora/cocka2notesServices/cocka2db/notes.go:84.42,85.25 1 1
github.com/Ulbora/cocka2notesServices/cocka2db/notes.go:88.2,90.38 3 1
github.com/Ulbora/cocka2notesServices/cocka2db/notes.go:85.25,87.3 1 1
github.com/Ulbora/cocka2notesServices/cocka2db/notes.go:93.55,96.24 3 1
github.com/Ulbora/cocka2notesServices/cocka2db/notes.go:108.2,108.13 1 1
github.com/Ulbora/cocka2notesServices/cocka2db/notes.go:96.24,99.17 3 1
github.com/Ulbora/cocka2notesServices/cocka2db/notes.go:99.17,106.4 6 1
