mode: set
github.com/Ulbora/cocka2notesServices/cocka2db/checkboxItems.go:27.68,28.25 1 1
github.com/Ulbora/cocka2notesServices/cocka2db/checkboxItems.go:31.2,36.16 6 1
github.com/Ulbora/cocka2notesServices/cocka2db/checkboxItems.go:28.25,30.3 1 1
github.com/Ulbora/cocka2notesServices/cocka2db/checkboxItems.go:40.62,41.25 1 1
github.com/Ulbora/cocka2notesServices/cocka2db/checkboxItems.go:44.2,47.12 4 1
github.com/Ulbora/cocka2notesServices/cocka2db/checkboxItems.go:41.25,43.3 1 1
github.com/Ulbora/cocka2notesServices/cocka2db/checkboxItems.go:51.70,52.25 1 1
github.com/Ulbora/cocka2notesServices/cocka2db/checkboxItems.go:55.2,59.40 5 1
github.com/Ulbora/cocka2notesServices/cocka2db/checkboxItems.go:67.2,67.13 1 1
github.com/Ulbora/cocka2notesServices/cocka2db/checkboxItems.go:52.25,54.3 1 1
github.com/Ulbora/cocka2notesServices/cocka2db/checkboxItems.go:59.40,61.28 2 1
github.com/Ulbora/cocka2notesServices/cocka2db/checkboxItems.go:61.28,65.4 3 1
github.com/Ulbora/cocka2notesServices/cocka2db/checkboxItems.go:71.50,72.25 1 1
github.com/Ulbora/cocka2notesServices/cocka2db/checkboxItems.go:75.2,77.50 3 1
github.com/Ulbora/cocka2notesServices/cocka2db/checkboxItems.go:72.25,74.3 1 1
github.com/Ulbora/cocka2notesServices/cocka2db/checkboxItems.go:80.75,83.24 3 1
github.com/Ulbora/cocka2notesServices/cocka2db/checkboxItems.go:100.2,100.13 1 1
github.com/Ulbora/cocka2notesServices/cocka2db/checkboxItems.go:83.24,86.17 3 1
github.com/Ulbora/cocka2notesServices/cocka2db/checkboxItems.go:86.17,89.18 3 1
github.com/Ulbora/cocka2notesServices/cocka2db/checkboxItems.go:89.18,91.19 2 1
github.com/Ulbora/cocka2notesServices/cocka2db/checkboxItems.go:91.19,96.6 4 1
github.com/Ulbora/cocka2notesServices/cocka2db/mail.go:27.48,28.25 1 1
github.com/Ulbora/cocka2notesServices/cocka2db/mail.go:31.2,35.40 5 1
github.com/Ulbora/cocka2notesServices/cocka2db/mail.go:43.2,43.13 1 1
github.com/Ulbora/cocka2notesServices/cocka2db/mail.go:28.25,30.3 1 1
github.com/Ulbora/cocka2notesServices/cocka2db/mail.go:35.40,37.28 2 1
github.com/Ulbora/cocka2notesServices/cocka2db/mail.go:37.28,40.9 3 1
github.com/Ulbora/cocka2notesServices/cocka2db/mail.go:46.66,49.24 3 1
github.com/Ulbora/cocka2notesServices/cocka2db/mail.go:61.2,61.12 1 1
github.com/Ulbora/cocka2notesServices/cocka2db/mail.go:49.24,52.17 3 1
github.com/Ulbora/cocka2notesServices/cocka2db/mail.go:52.17,59.4 6 1
github.com/Ulbora/cocka2notesServices/cocka2db/mockDb.go:64.37,66.2 1 1
github.com/Ulbora/cocka2notesServices/cocka2db/mockDb.go:69.42,71.2 1 1
github.com/Ulbora/cocka2notesServices/cocka2db/mockDb.go:74.45,76.2 1 1
github.com/Ulbora/cocka2notesServices/cocka2db/mockDb.go:79.48,81.2 1 1
github.com/Ulbora/cocka2notesServices/cocka2db/mockDb.go:84.50,86.2 1 1
github.com/Ulbora/cocka2notesServices/cocka2db/mockDb.go:89.51,91.2 1 1
github.com/Ulbora/cocka2notesServices/cocka2db/mockDb.go:94.45,96.2 1 1
github.com/Ulbora/cocka2notesServices/cocka2db/mockDb.go:99.44,101.2 1 1
github.com/Ulbora/cocka2notesServices/cocka2db/mockDb.go:104.56,106.2 1 1
github.com/Ulbora/cocka2notesServices/cocka2db/mockDb.go:109.46,111.2 1 1
github.com/Ulbora/cocka2notesServices/cocka2db/mockDb.go:114.60,116.2 1 1
github.com/Ulbora/cocka2notesServices/cocka2db/mockDb.go:119.54,121.2 1 1
github.com/Ulbora/cocka2notesServices/cocka2db/mockDb.go:124.62,126.2 1 1
github.com/Ulbora/cocka2notesServices/cocka2db/mockDb.go:129.50,131.2 1 1
github.com/Ulbora/cocka2notesServices/cocka2db/mockDb.go:134.72,136.2 1 1
github.com/Ulbora/cocka2notesServices/cocka2db/mockDb.go:139.66,141.2 1 1
github.com/Ulbora/cocka2notesServices/cocka2db/mockDb.go:144.74,146.2 1 1
github.com/Ulbora/cocka2notesServices/cocka2db/mockDb.go:149.54,151.2 1 1
github.com/Ulbora/cocka2notesServices/cocka2db/mockDb.go:154.52,156.2 1 1
github.com/Ulbora/cocka2notesServices/cocka2db/mockDb.go:159.79,161.2 1 1
github.com/Ulbora/cocka2notesServices/cocka2db/mockDb.go:164.55,166.2 1 1
github.com/Ulbora/cocka2notesServices/cocka2db/mockDb.go:169.52,171.2 1 1
github.com/Ulbora/cocka2notesServices/cocka2db/noteItems.go:27.56,28.25 1 1
github.com/Ulbora/cocka2notesServices/cocka2db/noteItems.go:31.2,36.16 6 1
github.com/Ulbora/cocka2notesServices/cocka2db/noteItems.go:28.25,30.3 1 1
github.com/Ulbora/cocka2notesServices/cocka2db/noteItems.go:40.50,41.25 1 1
github.com/Ulbora/cocka2notesServices/cocka2db/noteItems.go:44.2,47.12 4 1
github.com/Ulbora/cocka2notesServices/cocka2db/noteItems.go:41.25,43.3 1 1
github.com/Ulbora/cocka2notesServices/cocka2db/noteItems.go:51.58,52.25 1 1
github.com/Ulbora/cocka2notesServices/cocka2db/noteItems.go:55.2,59.40 5 1
github.com/Ulbora/cocka2notesServices/cocka2db/noteItems.go:67.2,67.13 1 1
github.com/Ulbora/cocka2notesServices/cocka2db/noteItems.go:52.25,54.3 1 1
github.com/Ulbora/cocka2notesServices/cocka2db/noteItems.go:59.40,61.28 2 1
github.com/Ulbora/cocka2notesServices/cocka2db/noteItems.go:61.28,65.4 3 1
github.com/Ulbora/cocka2notesServices/cocka2db/noteItems.go:71.46,72.25 1 1
github.com/Ulbora/cocka2notesServices/cocka2db/noteItems.go:75.2,77.42 3 1
github.com/Ulbora/cocka2notesServices/cocka2db/noteItems.go:72.25,74.3 1 1
github.com/Ulbora/cocka2notesServices/cocka2db/noteItems.go:80.63,83.24 3 1
github.com/Ulbora/cocka2notesServices/cocka2db/noteItems.go:96.2,96.13 1 1
github.com/Ulbora/cocka2notesServices/cocka2db/noteItems.go:83.24,86.17 3 1
github.com/Ulbora/cocka2notesServices/cocka2db/noteItems.go:86.17,89.18 3 1
github.com/Ulbora/cocka2notesServices/cocka2db/noteItems.go:89.18,93.5 3 1
github.com/Ulbora/cocka2notesServices/cocka2db/db.go:72.33,74.2 1 1
github.com/Ulbora/cocka2notesServices/cocka2db/db.go:76.38,84.26 8 1
github.com/Ulbora/cocka2notesServices/cocka2db/db.go:96.2,96.12 1 1
github.com/Ulbora/cocka2notesServices/cocka2db/db.go:84.26,89.17 3 1
github.com/Ulbora/cocka2notesServices/cocka2db/db.go:92.3,92.20 1 1
github.com/Ulbora/cocka2notesServices/cocka2db/db.go:89.17,91.4 1 1
github.com/Ulbora/cocka2notesServices/cocka2db/db.go:92.20,94.4 1 1
github.com/Ulbora/cocka2notesServices/cocka2db/noteUser.go:23.48,24.25 1 1
github.com/Ulbora/cocka2notesServices/cocka2db/noteUser.go:27.2,32.12 6 1
github.com/Ulbora/cocka2notesServices/cocka2db/noteUser.go:24.25,26.3 1 1
github.com/Ulbora/cocka2notesServices/cocka2db/noteUser.go:36.75,37.25 1 1
github.com/Ulbora/cocka2notesServices/cocka2db/noteUser.go:40.2,44.40 5 1
github.com/Ulbora/cocka2notesServices/cocka2db/noteUser.go:52.2,52.13 1 1
github.com/Ulbora/cocka2notesServices/cocka2db/noteUser.go:37.25,39.3 1 1
github.com/Ulbora/cocka2notesServices/cocka2db/noteUser.go:44.40,46.28 2 1
github.com/Ulbora/cocka2notesServices/cocka2db/noteUser.go:46.28,50.4 2 1
github.com/Ulbora/cocka2notesServices/cocka2db/noteUser.go:56.51,57.25 1 1
github.com/Ulbora/cocka2notesServices/cocka2db/noteUser.go:60.2,62.42 3 1
github.com/Ulbora/cocka2notesServices/cocka2db/noteUser.go:57.25,59.3 1 1
github.com/Ulbora/cocka2notesServices/cocka2db/notes.go:28.47,29.25 1 1
github.com/Ulbora/cocka2notesServices/cocka2db/notes.go:32.2,37.16 6 1
github.com/Ulbora/cocka2notesServices/cocka2db/notes.go:29.25,31.3 1 1
github.com/Ulbora/cocka2notesServices/cocka2db/notes.go:41.41,42.25 1 1
github.com/Ulbora/cocka2notesServices/cocka2db/notes.go:45.2,48.12 4 1
github.com/Ulbora/cocka2notesServices/cocka2db/notes.go:42.25,44.3 1 1
github.com/Ulbora/cocka2notesServices/cocka2db/notes.go:52.40,53.25 1 1
github.com/Ulbora/cocka2notesServices/cocka2db/notes.go:56.2,60.12 5 1
github.com/Ulbora/cocka2notesServices/cocka2db/notes.go:53.25,55.3 1 1
github.com/Ulbora/cocka2notesServices/cocka2db/notes.go:64.52,65.25 1 1
github.com/Ulbora/cocka2notesServices/cocka2db/notes.go:68.2,72.40 5 1
github.com/Ulbora/cocka2notesServices/cocka2db/notes.go:80.2,80.13 1 1
github.com/Ulbora/cocka2notesServices/cocka2db/notes.go:65.25,67.3 1 1
github.com/Ulbora/cocka2notesServices/cocka2db/notes.go:72.40,74.28 2 1
github.com/Ulbora/cocka2notesServices/cocka2db/notes.go:74.28,78.4 3 1
github.com/Ulbora/cocka2notesServices/cocka2db/notes.go:84.42,85.25 1 1
github.com/Ulbora/cocka2notesServices/cocka2db/notes.go:88.2,90.38 3 1
github.com/Ulbora/cocka2notesServices/cocka2db/notes.go:85.25,87.3 1 1
github.com/Ulbora/cocka2notesServices/cocka2db/notes.go:93.55,96.24 3 1
github.com/Ulbora/cocka2notesServices/cocka2db/notes.go:108.2,108.13 1 1
github.com/Ulbora/cocka2notesServices/cocka2db/notes.go:96.24,99.17 3 1
github.com/Ulbora/cocka2notesServices/cocka2db/notes.go:99.17,106.4 6 1
github.com/Ulbora/cocka2notesServices/cocka2db/users.go:27.38,28.25 1 1
github.com/Ulbora/cocka2notesServices/cocka2db/users.go:31.2,36.12 6 1
github.com/Ulbora/cocka2notesServices/cocka2db/users.go:28.25,30.3 1 1
github.com/Ulbora/cocka2notesServices/cocka2db/users.go:40.41,41.25 1 1
github.com/Ulbora/cocka2notesServices/cocka2db/users.go:44.2,47.12 4 1
github.com/Ulbora/cocka2notesServices/cocka2db/users.go:41.25,43.3 1 1
github.com/Ulbora/cocka2notesServices/cocka2db/users.go:51.44,52.25 1 1
github.com/Ulbora/cocka2notesServices/cocka2db/users.go:55.2,60.22 6 1
github.com/Ulbora/cocka2notesServices/cocka2db/users.go:68.2,68.13 1 1
github.com/Ulbora/cocka2notesServices/cocka2db/users.go:52.25,54.3 1 1
github.com/Ulbora/cocka2notesServices/cocka2db/users.go:60.22,62.17 2 1
github.com/Ulbora/cocka2notesServices/cocka2db/users.go:62.17,66.4 3 1
github.com/Ulbora/cocka2notesServices/cocka2db/users.go:72.46,73.25 1 1
github.com/Ulbora/cocka2notesServices/cocka2db/users.go:76.2,78.38 3 1
github.com/Ulbora/cocka2notesServices/cocka2db/users.go:73.25,75.3 1 1
