mode: set
github.com/Ulbora/cocka2notesServices/managers/noteItemManager.go:29.62,33.20 4 1
github.com/Ulbora/cocka2notesServices/managers/noteItemManager.go:37.2,37.13 1 1
github.com/Ulbora/cocka2notesServices/managers/noteItemManager.go:33.20,36.3 2 1
github.com/Ulbora/cocka2notesServices/managers/noteItemManager.go:41.63,47.2 5 1
github.com/Ulbora/cocka2notesServices/managers/noteItemManager.go:50.56,56.2 5 1
github.com/Ulbora/cocka2notesServices/managers/noteManager.go:29.53,33.20 4 1
github.com/Ulbora/cocka2notesServices/managers/noteManager.go:42.2,42.13 1 1
github.com/Ulbora/cocka2notesServices/managers/noteManager.go:33.20,41.3 7 1
github.com/Ulbora/cocka2notesServices/managers/noteManager.go:46.54,50.16 4 1
github.com/Ulbora/cocka2notesServices/managers/noteManager.go:56.2,56.13 1 1
github.com/Ulbora/cocka2notesServices/managers/noteManager.go:50.16,55.3 4 1
github.com/Ulbora/cocka2notesServices/managers/noteManager.go:60.58,64.27 4 1
github.com/Ulbora/cocka2notesServices/managers/noteManager.go:80.2,80.13 1 1
github.com/Ulbora/cocka2notesServices/managers/noteManager.go:64.27,71.33 7 1
github.com/Ulbora/cocka2notesServices/managers/noteManager.go:78.3,78.25 1 1
github.com/Ulbora/cocka2notesServices/managers/noteManager.go:71.33,74.4 2 1
github.com/Ulbora/cocka2notesServices/managers/noteManager.go:74.9,74.36 1 1
github.com/Ulbora/cocka2notesServices/managers/noteManager.go:74.36,77.4 2 1
github.com/Ulbora/cocka2notesServices/managers/noteManager.go:84.45,92.32 7 1
github.com/Ulbora/cocka2notesServices/managers/noteManager.go:99.2,99.13 1 1
github.com/Ulbora/cocka2notesServices/managers/noteManager.go:92.32,95.3 2 1
github.com/Ulbora/cocka2notesServices/managers/noteManager.go:95.8,95.35 1 1
github.com/Ulbora/cocka2notesServices/managers/noteManager.go:95.35,98.3 2 1
github.com/Ulbora/cocka2notesServices/managers/noteManager.go:103.71,107.33 4 1
github.com/Ulbora/cocka2notesServices/managers/noteManager.go:111.2,111.13 1 1
github.com/Ulbora/cocka2notesServices/managers/noteManager.go:107.33,110.3 2 1
github.com/Ulbora/cocka2notesServices/managers/userManager.go:33.51,38.22 4 1
github.com/Ulbora/cocka2notesServices/managers/userManager.go:41.2,41.11 1 1
github.com/Ulbora/cocka2notesServices/managers/userManager.go:46.2,46.13 1 1
github.com/Ulbora/cocka2notesServices/managers/userManager.go:38.22,40.3 1 1
github.com/Ulbora/cocka2notesServices/managers/userManager.go:41.11,45.3 3 1
github.com/Ulbora/cocka2notesServices/managers/userManager.go:50.54,55.22 4 1
github.com/Ulbora/cocka2notesServices/managers/userManager.go:58.2,58.11 1 1
github.com/Ulbora/cocka2notesServices/managers/userManager.go:68.2,68.13 1 1
github.com/Ulbora/cocka2notesServices/managers/userManager.go:55.22,57.3 1 1
github.com/Ulbora/cocka2notesServices/managers/userManager.go:58.11,60.21 2 1
github.com/Ulbora/cocka2notesServices/managers/userManager.go:60.21,66.4 5 1
github.com/Ulbora/cocka2notesServices/managers/userManager.go:72.52,77.2 4 1
github.com/Ulbora/cocka2notesServices/managers/userManager.go:80.67,84.21 4 1
github.com/Ulbora/cocka2notesServices/managers/userManager.go:89.2,89.13 1 1
github.com/Ulbora/cocka2notesServices/managers/userManager.go:84.21,88.3 3 1
github.com/Ulbora/cocka2notesServices/managers/userManager.go:93.61,103.18 9 1
github.com/Ulbora/cocka2notesServices/managers/userManager.go:114.2,114.13 1 1
github.com/Ulbora/cocka2notesServices/managers/userManager.go:103.18,113.3 9 1
github.com/Ulbora/cocka2notesServices/managers/userManager.go:119.51,122.19 3 1
github.com/Ulbora/cocka2notesServices/managers/userManager.go:125.2,125.18 1 1
github.com/Ulbora/cocka2notesServices/managers/userManager.go:122.19,124.3 1 1
github.com/Ulbora/cocka2notesServices/managers/userNote.go:29.60,35.51 6 1
github.com/Ulbora/cocka2notesServices/managers/userNote.go:43.2,43.13 1 1
github.com/Ulbora/cocka2notesServices/managers/userNote.go:35.51,42.3 6 1
github.com/Ulbora/cocka2notesServices/managers/userNote.go:47.80,50.2 2 1
github.com/Ulbora/cocka2notesServices/managers/c2Manager.go:39.38,41.2 1 1
github.com/Ulbora/cocka2notesServices/managers/c2Manager.go:43.60,47.16 4 1
github.com/Ulbora/cocka2notesServices/managers/c2Manager.go:51.2,51.17 1 1
github.com/Ulbora/cocka2notesServices/managers/c2Manager.go:47.16,50.3 2 1
github.com/Ulbora/cocka2notesServices/managers/c2Manager.go:55.66,58.16 3 1
github.com/Ulbora/cocka2notesServices/managers/c2Manager.go:61.2,61.12 1 1
github.com/Ulbora/cocka2notesServices/managers/c2Manager.go:58.16,60.3 1 1
github.com/Ulbora/cocka2notesServices/managers/checkboxItemManager.go:29.74,33.20 4 1
github.com/Ulbora/cocka2notesServices/managers/checkboxItemManager.go:37.2,37.13 1 1
github.com/Ulbora/cocka2notesServices/managers/checkboxItemManager.go:33.20,36.3 2 1
github.com/Ulbora/cocka2notesServices/managers/checkboxItemManager.go:41.75,47.2 5 1
github.com/Ulbora/cocka2notesServices/managers/checkboxItemManager.go:50.60,56.2 5 1
